3 bit flips, block size 4
Using device: cuda
No checkpoint found, starting training from scratch.
Epoch [1/15]
Training loss 3682.9351484168133
Training accuracy 76.395 %
Testing loss 338.25501861572263
Testing accuracy 84.99 %
Checkpoint saved securely at end of epoch 1
Epoch [2/15]
Training loss 368.8639298760171
Training accuracy 83.295 %
Testing loss 252.87928466796876
Testing accuracy 85.04 %
Checkpoint saved securely at end of epoch 2
Epoch [3/15]
Training loss 253.06709105998814
Training accuracy 84.32666666666667 %
Testing loss 130.5126922607422
Testing accuracy 89.74 %
Checkpoint saved securely at end of epoch 3
Epoch [4/15]
Training loss 191.20918175326614
Training accuracy 85.17666666666666 %
Testing loss 128.10949478149413
Testing accuracy 88.82 %
Checkpoint saved securely at end of epoch 4
Epoch [5/15]
Training loss 164.96211982353103
Training accuracy 85.37833333333333 %
Testing loss 116.1159595489502
Testing accuracy 88.43 %
Checkpoint saved securely at end of epoch 5
Epoch [6/15]
Training loss 141.05702474151147
Training accuracy 85.61666666666666 %
Testing loss 93.78842391967774
Testing accuracy 89.96 %
Checkpoint saved securely at end of epoch 6
Epoch [7/15]
Training loss 125.76270300678777
Training accuracy 85.75833333333334 %
Testing loss 80.70340995788574
Testing accuracy 89.85 %
Checkpoint saved securely at end of epoch 7
Epoch [8/15]
Training loss 112.1691123721049
Training accuracy 85.815 %
Testing loss 85.32590141296387
Testing accuracy 88.81 %
Checkpoint saved securely at end of epoch 8
Epoch [9/15]
Training loss 105.86821418596311
Training accuracy 85.72166666666666 %
Testing loss 86.12963104248047
Testing accuracy 87.29 %
Checkpoint saved securely at end of epoch 9
Epoch [10/15]
Training loss 97.51314799737877
Training accuracy 85.67166666666667 %
Testing loss 73.783473777771
Testing accuracy 89.24 %
Checkpoint saved securely at end of epoch 10
Epoch [11/15]
Training loss 90.17428425047477
Training accuracy 85.79 %
Testing loss 69.06018447875977
Testing accuracy 88.98 %
Checkpoint saved securely at end of epoch 11
Epoch [12/15]
Training loss 84.5620952961718
Training accuracy 85.78333333333333 %
Testing loss 72.45210189819336
Testing accuracy 87.75 %
Checkpoint saved securely at end of epoch 12
Epoch [13/15]
Training loss 80.00113557509553
Training accuracy 85.675 %
Testing loss 53.33687114715576
Testing accuracy 89.61 %
Checkpoint saved securely at end of epoch 13
Epoch [14/15]
Training loss 75.16558294461558
Training accuracy 85.73833333333333 %
Testing loss 67.9199628829956
Testing accuracy 87.88 %
Checkpoint saved securely at end of epoch 14
Epoch [15/15]
Training loss 70.39790633020841
Training accuracy 85.83333333333333 %
Testing loss 50.99486045837402
Testing accuracy 89.56 %
Checkpoint saved securely at end of epoch 15