1 orthogonal basis, 5 flips per step per basis, after divide c_raw by n instead of n^2 fix
Using device: cuda
No checkpoint found, starting training from scratch.
Epoch [1/50]
Training loss 2.302050353558858
Training accuracy 7.486666666666666 %
Testing loss 2.301935148239136
Testing accuracy 7.34 %
Checkpoint saved securely at end of epoch 1
Epoch [2/50]
Training loss 2.3017791322072347
Training accuracy 8.065 %
Testing loss 2.302598571777344
Testing accuracy 8.51 %
Checkpoint saved securely at end of epoch 2
Epoch [3/50]
Training loss 2.301678180058797
Training accuracy 8.09 %
Testing loss 2.300807762145996
Testing accuracy 7.67 %
Checkpoint saved securely at end of epoch 3
Epoch [4/50]
Training loss 2.3002755411148073
Training accuracy 7.79 %
Testing loss 2.3000686883926393
Testing accuracy 8.09 %
Checkpoint saved securely at end of epoch 4
Epoch [5/50]
Training loss 2.2992020095189414
Training accuracy 8.843333333333334 %
Testing loss 2.2987416267395018
Testing accuracy 9.66 %
Checkpoint saved securely at end of epoch 5
Epoch [6/50]
Training loss 2.2989226367314655
Training accuracy 9.348333333333333 %
Testing loss 2.299129676818848
Testing accuracy 9.83 %
Checkpoint saved securely at end of epoch 6
Epoch [7/50]
Training loss 2.299776444880168
Training accuracy 9.526666666666667 %
Testing loss 2.300112581253052
Testing accuracy 10.16 %
Checkpoint saved securely at end of epoch 7
Epoch [8/50]
Training loss 2.300639408493042
Training accuracy 8.8 %
Testing loss 2.300637459754944
Testing accuracy 8.65 %
Checkpoint saved securely at end of epoch 8
Epoch [9/50]
Training loss 2.3008096049626667
Training accuracy 9.29 %
Testing loss 2.3000616312026976
Testing accuracy 10.37 %
Checkpoint saved securely at end of epoch 9
Epoch [10/50]
Training loss 2.3003645843505858
Training accuracy 10.076666666666666 %
Testing loss 2.299918532371521
Testing accuracy 9.72 %
Checkpoint saved securely at end of epoch 10
Epoch [11/50]
Training loss 2.2996726343154905
Training accuracy 10.271666666666667 %
Testing loss 2.298387145996094
Testing accuracy 11.4 %
Checkpoint saved securely at end of epoch 11
Epoch [12/50]
Training loss 2.2989186292648314
Training accuracy 11.291666666666666 %
Testing loss 2.2986484289169313
Testing accuracy 11.61 %
Checkpoint saved securely at end of epoch 12
Epoch [13/50]
Training loss 2.2982893010457355
Training accuracy 11.393333333333333 %
Testing loss 2.2972320556640624
Testing accuracy 11.25 %
Checkpoint saved securely at end of epoch 13
Epoch [14/50]
Training loss 2.298610219446818
Training accuracy 10.538333333333334 %
Testing loss 2.298828911781311
Testing accuracy 10.73 %
Checkpoint saved securely at end of epoch 14
Epoch [15/50]
Training loss 2.297877058029175
Training accuracy 11.748333333333333 %
Testing loss 2.297025275230408
Testing accuracy 12.21 %
Checkpoint saved securely at end of epoch 15
Epoch [16/50]
Training loss 2.2971488393147785
Training accuracy 12.093333333333334 %
Testing loss 2.29770712852478
Testing accuracy 11.75 %
Checkpoint saved securely at end of epoch 16
Epoch [17/50]
Training loss 2.2976186586380005
Training accuracy 12.36 %
Testing loss 2.297176194190979
Testing accuracy 12.32 %
Checkpoint saved securely at end of epoch 17
Epoch [18/50]
Training loss 2.297518505160014
Training accuracy 12.625 %
Testing loss 2.2981536388397217
Testing accuracy 11.23 %
Checkpoint saved securely at end of epoch 18
Epoch [19/50]
Training loss 2.2978092079798382
Training accuracy 12.798333333333334 %
Testing loss 2.2971046924591065
Testing accuracy 13.03 %
Checkpoint saved securely at end of epoch 19
Epoch [20/50]
Training loss 2.29740676167806
Training accuracy 13.553333333333333 %
Testing loss 2.297335982322693
Testing accuracy 11.87 %
Checkpoint saved securely at end of epoch 20
Epoch [21/50]
Training loss 2.2982808190663655
Training accuracy 11.78 %
Testing loss 2.2986276388168334
Testing accuracy 10.68 %
Checkpoint saved securely at end of epoch 21
Epoch [22/50]
Training loss 2.298514098294576
Training accuracy 11.416666666666666 %
Testing loss 2.298940587043762
Testing accuracy 11.26 %
Checkpoint saved securely at end of epoch 22
Epoch [23/50]
Training loss 2.298822197151184
Training accuracy 11.043333333333333 %
Testing loss 2.2982884883880614
Testing accuracy 12.02 %
Checkpoint saved securely at end of epoch 23
Epoch [24/50]
Training loss 2.2981743350346884
Training accuracy 12.56 %
Testing loss 2.2982738971710206
Testing accuracy 12.18 %
Checkpoint saved securely at end of epoch 24
Epoch [25/50]
Training loss 2.2986175309499104
Training accuracy 11.881666666666666 %
Testing loss 2.2988625526428224
Testing accuracy 11.15 %
Checkpoint saved securely at end of epoch 25
Epoch [26/50]
Training loss 2.2985369170506793
Training accuracy 11.548333333333334 %
Testing loss 2.2984631299972533
Testing accuracy 11.11 %
Checkpoint saved securely at end of epoch 26
Epoch [27/50]
Training loss 2.298630532836914
Training accuracy 11.318333333333333 %
Testing loss 2.2987527370452883
Testing accuracy 12.45 %
Checkpoint saved securely at end of epoch 27
Epoch [28/50]
Training loss 2.298524315579732
Training accuracy 12.303333333333333 %
Testing loss 2.298053193092346
Testing accuracy 12.23 %
Checkpoint saved securely at end of epoch 28
Epoch [29/50]
Training loss 2.2977745483398437
Training accuracy 13.578333333333333 %
Testing loss 2.2975775241851806
Testing accuracy 13.16 %
Checkpoint saved securely at end of epoch 29
Epoch [30/50]
Training loss 2.2977963315327963
Training accuracy 13.336666666666666 %
Testing loss 2.2978272676467895
Testing accuracy 12.65 %
Checkpoint saved securely at end of epoch 30
Epoch [31/50]
Training loss 2.2978545371373493
Training accuracy 12.835 %
Testing loss 2.297567272186279
Testing accuracy 12.56 %
Checkpoint saved securely at end of epoch 31
Epoch [32/50]
Training loss 2.2974597609202068
Training accuracy 12.723333333333333 %
Testing loss 2.2973812580108643
Testing accuracy 11.86 %
Checkpoint saved securely at end of epoch 32
Epoch [33/50]
Training loss 2.297401836013794
Training accuracy 12.531666666666666 %
Testing loss 2.297731351852417
Testing accuracy 12.87 %
Checkpoint saved securely at end of epoch 33
Epoch [34/50]
Training loss 2.2979715342203777
Training accuracy 12.828333333333333 %
Testing loss 2.2989433288574217
Testing accuracy 11.95 %
Checkpoint saved securely at end of epoch 34
Epoch [35/50]
Training loss 2.298768590227763
Training accuracy 12.5 %
Testing loss 2.298649001121521
Testing accuracy 13.02 %
Checkpoint saved securely at end of epoch 35
Epoch [36/50]
Training loss 2.298865379079183
Training accuracy 12.733333333333333 %
Testing loss 2.2993161201477053
Testing accuracy 11.82 %
Checkpoint saved securely at end of epoch 36
Epoch [37/50]
Training loss 2.2990094807306924
Training accuracy 12.191666666666666 %
Testing loss 2.2991177082061767
Testing accuracy 12.09 %
Checkpoint saved securely at end of epoch 37
Epoch [38/50]
Training loss 2.2994192514419556
Training accuracy 12.275 %
Testing loss 2.2995662689208984
Testing accuracy 11.79 %
Checkpoint saved securely at end of epoch 38
Epoch [39/50]
Training loss 2.299481685638428
Training accuracy 12.255 %
Testing loss 2.299397110939026
Testing accuracy 12.54 %
Checkpoint saved securely at end of epoch 39
Epoch [40/50]
Training loss 2.2997434388478597
Training accuracy 12.276666666666667 %
Testing loss 2.2995851755142214
Testing accuracy 12.57 %
Checkpoint saved securely at end of epoch 40
Epoch [41/50]
Training loss 2.299473314030965
Training accuracy 12.531666666666666 %
Testing loss 2.299522113800049
Testing accuracy 12.79 %
Checkpoint saved securely at end of epoch 41
Epoch [42/50]
Training loss 2.2991567786534626
Training accuracy 13.275 %
Testing loss 2.299289512634277
Testing accuracy 13.31 %
Checkpoint saved securely at end of epoch 42
Epoch [43/50]
Training loss 2.29905614344279
Training accuracy 13.395 %
Testing loss 2.298988604545593
Testing accuracy 12.62 %
Checkpoint saved securely at end of epoch 43
Epoch [44/50]
Training loss 2.2989309024175006
Training accuracy 12.786666666666667 %
Testing loss 2.2991092205047607
Testing accuracy 13.0 %
Checkpoint saved securely at end of epoch 44
Epoch [45/50]
Training loss 2.2991664625167845
Training accuracy 12.77 %
Testing loss 2.2990752935409544
Testing accuracy 12.69 %
Checkpoint saved securely at end of epoch 45
Epoch [46/50]
Training loss 2.29918157043457
Training accuracy 12.726666666666667 %
Testing loss 2.2988868236541746
Testing accuracy 12.8 %
Checkpoint saved securely at end of epoch 46
Epoch [47/50]
Training loss 2.299483008639018
Training accuracy 12.156666666666666 %
Testing loss 2.2999265432357787
Testing accuracy 11.66 %
Checkpoint saved securely at end of epoch 47
Epoch [48/50]
Training loss 2.2993766224543255
Training accuracy 11.74 %
Testing loss 2.2988696575164793
Testing accuracy 12.25 %
Checkpoint saved securely at end of epoch 48
Epoch [49/50]
Training loss 2.2985709028244017
Training accuracy 12.803333333333333 %
Testing loss 2.298239541053772
Testing accuracy 13.36 %
Checkpoint saved securely at end of epoch 49
Epoch [50/50]
Training loss 2.298161950683594
Training accuracy 13.186666666666667 %
Testing loss 2.2983080625534056
Testing accuracy 12.74 %
Checkpoint saved securely at end of epoch 50