after divide c_raw by n instead of n^2 fix - 1 bit only - really good weight initialization
Using device: cuda
Epoch [1/10]
Training loss 22086.914955078126
Training accuracy 13.758333333333333 %
Testing loss 22126.69140625
Testing accuracy 13.66 %
Epoch [2/10]
Training loss 22350.306437239582
Training accuracy 14.105 %
Testing loss 22310.54609375
Testing accuracy 13.19 %
Epoch [3/10]
Training loss 22455.428726822916
Training accuracy 13.935 %
Testing loss 22379.3197265625
Testing accuracy 13.85 %
Epoch [4/10]
Training loss 22507.435418229168
Training accuracy 14.168333333333333 %
Testing loss 22324.5712890625
Testing accuracy 14.13 %
Epoch [5/10]
Training loss 22111.901350520835
Training accuracy 14.158333333333333 %
Testing loss 21797.88671875
Testing accuracy 14.29 %
Epoch [6/10]
Training loss 21752.572552734375
Training accuracy 14.251666666666667 %
Testing loss 21646.67265625
Testing accuracy 14.23 %
Epoch [7/10]
Training loss 21911.400168489585
Training accuracy 14.826666666666666 %
Testing loss 21830.2857421875
Testing accuracy 15.21 %
Epoch [8/10]
Training loss 22029.60941471354
Training accuracy 15.271666666666667 %
Testing loss 21899.2841796875
Testing accuracy 15.48 %
Epoch [9/10]
Training loss 22157.425266666665
Training accuracy 15.488333333333333 %
Testing loss 21978.151953125
Testing accuracy 15.33 %
Epoch [10/10]
Training loss 21919.714881510416
Training accuracy 15.255 %
Testing loss 21504.64765625
Testing accuracy 15.19 %
