3 orthogonal bases, 5 flips per step per basis, after divide c_raw by n instead of n^2 fix
Using device: cuda
No checkpoint found, starting training from scratch.
Epoch [1/50]
Training loss 2.303013830502828
Training accuracy 10.163333333333334 %
Testing loss 2.303257203102112
Testing accuracy 10.2 %
Checkpoint saved securely at end of epoch 1
Epoch [2/50]
Training loss 2.303050729497274
Training accuracy 9.26 %
Testing loss 2.3029417514801027
Testing accuracy 9.6 %
Checkpoint saved securely at end of epoch 2
Epoch [3/50]
Training loss 2.3024411116917927
Training accuracy 10.026666666666667 %
Testing loss 2.301800775527954
Testing accuracy 10.45 %
Checkpoint saved securely at end of epoch 3
Epoch [4/50]
Training loss 2.3012972096761066
Training accuracy 10.006666666666666 %
Testing loss 2.3005658388137817
Testing accuracy 10.78 %
Checkpoint saved securely at end of epoch 4
Epoch [5/50]
Training loss 2.300435529136658
Training accuracy 11.521666666666667 %
Testing loss 2.2997025728225706
Testing accuracy 12.98 %
Checkpoint saved securely at end of epoch 5
Epoch [6/50]
Training loss 2.2999536564509073
Training accuracy 12.943333333333333 %
Testing loss 2.2997493505477906
Testing accuracy 13.43 %
Checkpoint saved securely at end of epoch 6
Epoch [7/50]
Training loss 2.299962315432231
Training accuracy 13.536666666666667 %
Testing loss 2.2995458364486696
Testing accuracy 13.94 %
Checkpoint saved securely at end of epoch 7
Epoch [8/50]
Training loss 2.299822987174988
Training accuracy 13.961666666666666 %
Testing loss 2.299765872955322
Testing accuracy 13.85 %
Checkpoint saved securely at end of epoch 8
Epoch [9/50]
Training loss 2.2999437419255573
Training accuracy 13.41 %
Testing loss 2.2996708154678345
Testing accuracy 13.2 %
Checkpoint saved securely at end of epoch 9
Epoch [10/50]
Training loss 2.299444670232137
Training accuracy 13.786666666666667 %
Testing loss 2.299288845062256
Testing accuracy 13.59 %
Checkpoint saved securely at end of epoch 10
Epoch [11/50]
Training loss 2.299054961013794
Training accuracy 14.36 %
Testing loss 2.298604130744934
Testing accuracy 14.28 %
Checkpoint saved securely at end of epoch 11
Epoch [12/50]
Training loss 2.298756595357259
Training accuracy 14.881666666666666 %
Testing loss 2.2988013505935667
Testing accuracy 14.46 %
Checkpoint saved securely at end of epoch 12
Epoch [13/50]
Training loss 2.299088150024414
Training accuracy 14.858333333333333 %
Testing loss 2.2993569374084473
Testing accuracy 14.05 %
Checkpoint saved securely at end of epoch 13
Epoch [14/50]
Training loss 2.29899566377004
Training accuracy 14.6 %
Testing loss 2.2988261222839355
Testing accuracy 14.2 %
Checkpoint saved securely at end of epoch 14
Epoch [15/50]
Training loss 2.298641742070516
Training accuracy 14.531666666666666 %
Testing loss 2.2985284090042115
Testing accuracy 14.05 %
Checkpoint saved securely at end of epoch 15
Epoch [16/50]
Training loss 2.2985295965830486
Training accuracy 14.283333333333333 %
Testing loss 2.2985703706741334
Testing accuracy 13.7 %
Checkpoint saved securely at end of epoch 16
Epoch [17/50]
Training loss 2.2989932332992553
Training accuracy 13.728333333333333 %
Testing loss 2.2991834402084352
Testing accuracy 13.37 %
Checkpoint saved securely at end of epoch 17
Epoch [18/50]
Training loss 2.299010811932882
Training accuracy 13.781666666666666 %
Testing loss 2.2987661361694336
Testing accuracy 13.54 %
Checkpoint saved securely at end of epoch 18
Epoch [19/50]
Training loss 2.299100925954183
Training accuracy 13.415 %
Testing loss 2.299551272392273
Testing accuracy 12.8 %
Checkpoint saved securely at end of epoch 19
Epoch [20/50]
Training loss 2.2993516322453815
Training accuracy 12.851666666666667 %
Testing loss 2.299546957015991
Testing accuracy 12.78 %
Checkpoint saved securely at end of epoch 20
Epoch [21/50]
Training loss 2.299257401784261
Training accuracy 12.698333333333334 %
Testing loss 2.2991809368133547
Testing accuracy 11.67 %
Checkpoint saved securely at end of epoch 21
Epoch [22/50]
Training loss 2.299266349220276
Training accuracy 11.956666666666667 %
Testing loss 2.2993539333343507
Testing accuracy 12.27 %
Checkpoint saved securely at end of epoch 22
Epoch [23/50]
Training loss 2.300096865526835
Training accuracy 11.728333333333333 %
Testing loss 2.300768494606018
Testing accuracy 11.07 %
Checkpoint saved securely at end of epoch 23
Epoch [24/50]
Training loss 2.300436256345113
Training accuracy 11.501666666666667 %
Testing loss 2.3006184101104736
Testing accuracy 11.48 %
Checkpoint saved securely at end of epoch 24
Epoch [25/50]
Training loss 2.3005234329223634
Training accuracy 11.768333333333333 %
Testing loss 2.300514984130859
Testing accuracy 11.4 %
Checkpoint saved securely at end of epoch 25
Epoch [26/50]
Training loss 2.300343192354838
Training accuracy 11.691666666666666 %
Testing loss 2.300361657142639
Testing accuracy 11.76 %
Checkpoint saved securely at end of epoch 26
Epoch [27/50]
Training loss 2.3004977794647217
Training accuracy 11.468333333333334 %
Testing loss 2.3008136987686156
Testing accuracy 10.7 %
Checkpoint saved securely at end of epoch 27
Epoch [28/50]
Training loss 2.3005883173624673
Training accuracy 11.326666666666666 %
Testing loss 2.300416898727417
Testing accuracy 11.28 %
Checkpoint saved securely at end of epoch 28
Epoch [29/50]
Training loss 2.3007648506800336
Training accuracy 11.525 %
Testing loss 2.3013257503509523
Testing accuracy 11.55 %
Checkpoint saved securely at end of epoch 29
Epoch [30/50]
Training loss 2.3011549964269
Training accuracy 12.116666666666667 %
Testing loss 2.3010959386825562
Testing accuracy 12.6 %
Checkpoint saved securely at end of epoch 30
Epoch [31/50]
Training loss 2.30103466574351
Training accuracy 12.575 %
Testing loss 2.3012558937072756
Testing accuracy 12.58 %
Checkpoint saved securely at end of epoch 31
Epoch [32/50]
Training loss 2.301107187525431
Training accuracy 12.515 %
Testing loss 2.301081418991089
Testing accuracy 12.82 %
Checkpoint saved securely at end of epoch 32
Epoch [33/50]
Training loss 2.3008856693903605
Training accuracy 12.551666666666666 %
Testing loss 2.30088849067688
Testing accuracy 12.11 %
Checkpoint saved securely at end of epoch 33
Epoch [34/50]
Training loss 2.300942186419169
Training accuracy 12.153333333333334 %
Testing loss 2.301265025138855
Testing accuracy 11.94 %
Checkpoint saved securely at end of epoch 34
Epoch [35/50]
Training loss 2.301182147407532
Training accuracy 12.103333333333333 %
Testing loss 2.3014874696731566
Testing accuracy 11.83 %
Checkpoint saved securely at end of epoch 35
Epoch [36/50]
Training loss 2.3014640343983968
Training accuracy 11.916666666666666 %
Testing loss 2.3014949798583983
Testing accuracy 11.63 %
Checkpoint saved securely at end of epoch 36
Epoch [37/50]
Training loss 2.3008961657842
Training accuracy 12.081666666666667 %
Testing loss 2.300861048698425
Testing accuracy 12.3 %
Checkpoint saved securely at end of epoch 37
Epoch [38/50]
Training loss 2.300807812245687
Training accuracy 12.365 %
Testing loss 2.3009734630584715
Testing accuracy 12.65 %
Checkpoint saved securely at end of epoch 38
Epoch [39/50]
Training loss 2.3008938709894817
Training accuracy 12.661666666666667 %
Testing loss 2.3008880615234375
Testing accuracy 12.5 %
Checkpoint saved securely at end of epoch 39
Epoch [40/50]
Training loss 2.3008310598373414
Training accuracy 12.781666666666666 %
Testing loss 2.300728368759155
Testing accuracy 12.96 %
Checkpoint saved securely at end of epoch 40
Epoch [41/50]
Training loss 2.3009773461023966
Training accuracy 12.773333333333333 %
Testing loss 2.3009498596191404
Testing accuracy 12.9 %
Checkpoint saved securely at end of epoch 41
Epoch [42/50]
Training loss 2.3009175448099772
Training accuracy 13.13 %
Testing loss 2.300920915603638
Testing accuracy 13.23 %
Checkpoint saved securely at end of epoch 42
Epoch [43/50]
Training loss 2.3011493954340616
Training accuracy 12.918333333333333 %
Testing loss 2.30133535861969
Testing accuracy 12.54 %
Checkpoint saved securely at end of epoch 43
Epoch [44/50]
Training loss 2.3011258619944255
Training accuracy 12.82 %
Testing loss 2.3012341499328612
Testing accuracy 12.84 %
Checkpoint saved securely at end of epoch 44
Epoch [45/50]
Training loss 2.30125941212972
Training accuracy 13.003333333333334 %
Testing loss 2.30137357711792
Testing accuracy 12.71 %
Checkpoint saved securely at end of epoch 45
Epoch [46/50]
Training loss 2.301084507115682
Training accuracy 12.758333333333333 %
Testing loss 2.3010159730911255
Testing accuracy 12.72 %
Checkpoint saved securely at end of epoch 46
Epoch [47/50]
Training loss 2.3010919767379763
Training accuracy 12.678333333333333 %
Testing loss 2.300988698005676
Testing accuracy 12.38 %
Checkpoint saved securely at end of epoch 47
Epoch [48/50]
Training loss 2.3010129070917764
Training accuracy 12.68 %
Testing loss 2.300786757469177
Testing accuracy 12.63 %
Checkpoint saved securely at end of epoch 48
Epoch [49/50]
Training loss 2.301029100481669
Training accuracy 12.488333333333333 %
Testing loss 2.301005482673645
Testing accuracy 12.33 %
Checkpoint saved securely at end of epoch 49
Epoch [50/50]
Training loss 2.301280560493469
Training accuracy 12.368333333333334 %
Testing loss 2.301315093040466
Testing accuracy 12.39 %
Checkpoint saved securely at end of epoch 50