3 bases 5 bit flips with learnable basis param for each basis to calculate weighted sum
hit 20% training accufacy which is much better, gonna run for much longer to see if this is not just due to random choice
Using device: cuda
No checkpoint found, starting training from scratch.
Epoch [1/50]
Training loss 2.3034763236363727
Training accuracy 8.79 %
Testing loss 2.3038235187530516
Testing accuracy 8.35 %
Checkpoint saved securely at end of epoch 1
Epoch [2/50]
Training loss 2.3033763680140176
Training accuracy 9.25 %
Testing loss 2.302846360206604
Testing accuracy 8.75 %
Checkpoint saved securely at end of epoch 2
Epoch [3/50]
Training loss 2.302860212389628
Training accuracy 9.0 %
Testing loss 2.3023555755615233
Testing accuracy 9.38 %
Checkpoint saved securely at end of epoch 3
Epoch [4/50]
Training loss 2.3021708654403685
Training accuracy 9.595 %
Testing loss 2.3016937494277956
Testing accuracy 9.63 %
Checkpoint saved securely at end of epoch 4
Epoch [5/50]
Training loss 2.3014042190551756
Training accuracy 10.116666666666667 %
Testing loss 2.300903081893921
Testing accuracy 9.93 %
Checkpoint saved securely at end of epoch 5
Epoch [6/50]
Training loss 2.3005714577356975
Training accuracy 10.873333333333333 %
Testing loss 2.300189423561096
Testing accuracy 10.79 %
Checkpoint saved securely at end of epoch 6
Epoch [7/50]
Training loss 2.3001051242828368
Training accuracy 11.025 %
Testing loss 2.300204634666443
Testing accuracy 10.51 %
Checkpoint saved securely at end of epoch 7
Epoch [8/50]
Training loss 2.300070998764038
Training accuracy 10.008333333333333 %
Testing loss 2.299637770652771
Testing accuracy 9.31 %
Checkpoint saved securely at end of epoch 8
Epoch [9/50]
Training loss 2.2999178060531618
Training accuracy 9.121666666666666 %
Testing loss 2.300239634513855
Testing accuracy 8.28 %
Checkpoint saved securely at end of epoch 9
Epoch [10/50]
Training loss 2.3002989494959514
Training accuracy 8.226666666666667 %
Testing loss 2.2999704360961912
Testing accuracy 8.69 %
Checkpoint saved securely at end of epoch 10
Epoch [11/50]
Training loss 2.30021816183726
Training accuracy 8.85 %
Testing loss 2.2998666048049925
Testing accuracy 9.24 %
Checkpoint saved securely at end of epoch 11
Epoch [12/50]
Training loss 2.2995357240041097
Training accuracy 8.56 %
Testing loss 2.299343204498291
Testing accuracy 8.43 %
Checkpoint saved securely at end of epoch 12
Epoch [13/50]
Training loss 2.2993622531255085
Training accuracy 8.045 %
Testing loss 2.298959803581238
Testing accuracy 8.53 %
Checkpoint saved securely at end of epoch 13
Epoch [14/50]
Training loss 2.299420279312134
Training accuracy 8.206666666666667 %
Testing loss 2.299583888053894
Testing accuracy 8.44 %
Checkpoint saved securely at end of epoch 14
Epoch [15/50]
Training loss 2.299102839787801
Training accuracy 8.788333333333334 %
Testing loss 2.298618531227112
Testing accuracy 9.23 %
Checkpoint saved securely at end of epoch 15
Epoch [16/50]
Training loss 2.2987884557088214
Training accuracy 8.841666666666667 %
Testing loss 2.2986714601516725
Testing accuracy 9.0 %
Checkpoint saved securely at end of epoch 16
Epoch [17/50]
Training loss 2.29852244497935
Training accuracy 8.693333333333333 %
Testing loss 2.2982693910598755
Testing accuracy 9.06 %
Checkpoint saved securely at end of epoch 17
Epoch [18/50]
Training loss 2.298266188430786
Training accuracy 9.196666666666667 %
Testing loss 2.297996735572815
Testing accuracy 9.99 %
Checkpoint saved securely at end of epoch 18
Epoch [19/50]
Training loss 2.2979553412119547
Training accuracy 9.966666666666667 %
Testing loss 2.297817087173462
Testing accuracy 10.53 %
Checkpoint saved securely at end of epoch 19
Epoch [20/50]
Training loss 2.2974816455841065
Training accuracy 11.276666666666667 %
Testing loss 2.296716094017029
Testing accuracy 12.25 %
Checkpoint saved securely at end of epoch 20
Epoch [21/50]
Training loss 2.296670856666565
Training accuracy 13.426666666666666 %
Testing loss 2.2965835094451905
Testing accuracy 15.68 %
Checkpoint saved securely at end of epoch 21
Epoch [22/50]
Training loss 2.296620745531718
Training accuracy 14.545 %
Testing loss 2.296384358406067
Testing accuracy 15.1 %
Checkpoint saved securely at end of epoch 22
Epoch [23/50]
Training loss 2.2958277667999267
Training accuracy 15.953333333333333 %
Testing loss 2.295534920692444
Testing accuracy 15.81 %
Checkpoint saved securely at end of epoch 23
Epoch [24/50]
Training loss 2.295342286046346
Training accuracy 17.266666666666666 %
Testing loss 2.2952244520187377
Testing accuracy 17.65 %
Checkpoint saved securely at end of epoch 24
Epoch [25/50]
Training loss 2.295204702250163
Training accuracy 17.656666666666666 %
Testing loss 2.295192003250122
Testing accuracy 17.18 %
Checkpoint saved securely at end of epoch 25
Epoch [26/50]
Training loss 2.2949475759506224
Training accuracy 17.251666666666665 %
Testing loss 2.295062708854675
Testing accuracy 17.19 %
Checkpoint saved securely at end of epoch 26
Epoch [27/50]
Training loss 2.294883551979065
Training accuracy 17.776666666666667 %
Testing loss 2.2949599981307984
Testing accuracy 17.86 %
Checkpoint saved securely at end of epoch 27
Epoch [28/50]
Training loss 2.2943367531458536
Training accuracy 18.615 %
Testing loss 2.294445824623108
Testing accuracy 18.39 %
Checkpoint saved securely at end of epoch 28
Epoch [29/50]
Training loss 2.294419543774923
Training accuracy 19.026666666666667 %
Testing loss 2.294545817375183
Testing accuracy 18.39 %
Checkpoint saved securely at end of epoch 29
Epoch [30/50]
Training loss 2.293831200281779
Training accuracy 19.215 %
Testing loss 2.294067549705505
Testing accuracy 18.52 %
Checkpoint saved securely at end of epoch 30
Epoch [31/50]
Training loss 2.293594345855713
Training accuracy 19.185 %
Testing loss 2.2938120365142822
Testing accuracy 18.91 %
Checkpoint saved securely at end of epoch 31
Epoch [32/50]
Training loss 2.2929865422566733
Training accuracy 19.456666666666667 %
Testing loss 2.2930860996246336
Testing accuracy 19.41 %
Checkpoint saved securely at end of epoch 32
Epoch [33/50]
Training loss 2.2923265923817953
Training accuracy 20.053333333333335 %
Testing loss 2.2927274465560914
Testing accuracy 19.88 %
Checkpoint saved securely at end of epoch 33
Epoch [34/50]
Training loss 2.29247991288503
Training accuracy 20.015 %
Testing loss 2.2925944566726684
Testing accuracy 19.8 %
Checkpoint saved securely at end of epoch 34
Epoch [35/50]
Training loss 2.2922306350072224
Training accuracy 20.041666666666668 %
Testing loss 2.2922386169433593
Testing accuracy 19.78 %
Checkpoint saved securely at end of epoch 35
Epoch [36/50]
Training loss 2.292256190045675
Training accuracy 20.156666666666666 %
Testing loss 2.2925665616989135
Testing accuracy 20.09 %
Checkpoint saved securely at end of epoch 36
Epoch [37/50]
Training loss 2.292278783607483
Training accuracy 20.106666666666666 %
Testing loss 2.2928448915481567
Testing accuracy 19.92 %
Checkpoint saved securely at end of epoch 37
Epoch [38/50]
Training loss 2.2915507790883383
Training accuracy 20.496666666666666 %
Testing loss 2.2916970014572144
Testing accuracy 20.06 %
Checkpoint saved securely at end of epoch 38
Epoch [39/50]
Training loss 2.291398333740234
Training accuracy 20.65 %
Testing loss 2.2917500495910645
Testing accuracy 19.96 %
Checkpoint saved securely at end of epoch 39
Epoch [40/50]
Training loss 2.291097209294637
Training accuracy 20.321666666666665 %
Testing loss 2.2916637420654298
Testing accuracy 19.89 %
Checkpoint saved securely at end of epoch 40
Epoch [41/50]
Training loss 2.2922867822011312
Training accuracy 19.546666666666667 %
Testing loss 2.293657732009888
Testing accuracy 19.04 %
Checkpoint saved securely at end of epoch 41
Epoch [42/50]
Training loss 2.2930017700831096
Training accuracy 19.55666666666667 %
Testing loss 2.293795847892761
Testing accuracy 19.05 %
Checkpoint saved securely at end of epoch 42
Epoch [43/50]
Training loss 2.2932067593892413
Training accuracy 19.421666666666667 %
Testing loss 2.293741250038147
Testing accuracy 19.02 %
Checkpoint saved securely at end of epoch 43
Epoch [44/50]
Training loss 2.292408490562439
Training accuracy 19.605 %
Testing loss 2.292638635635376
Testing accuracy 19.12 %
Checkpoint saved securely at end of epoch 44
Epoch [45/50]
Training loss 2.2923867204030355
Training accuracy 19.53 %
Testing loss 2.292371368408203
Testing accuracy 19.0 %
Checkpoint saved securely at end of epoch 45
Epoch [46/50]
Training loss 2.2923400962193807
Training accuracy 19.47833333333333 %
Testing loss 2.2927770614624023
Testing accuracy 19.12 %
Checkpoint saved securely at end of epoch 46
Epoch [47/50]
Training loss 2.291476994196574
Training accuracy 19.44 %
Testing loss 2.291218900680542
Testing accuracy 18.85 %
Checkpoint saved securely at end of epoch 47
Epoch [48/50]
Training loss 2.29150471979777
Training accuracy 18.983333333333334 %
Testing loss 2.292240929603577
Testing accuracy 18.68 %
Checkpoint saved securely at end of epoch 48
Epoch [49/50]
Training loss 2.2919097211201986
Training accuracy 18.886666666666667 %
Testing loss 2.2918835163116453
Testing accuracy 18.4 %
Checkpoint saved securely at end of epoch 49
Epoch [50/50]
Training loss 2.2919914764404297
Training accuracy 18.738333333333333 %
Testing loss 2.2920458555221557
Testing accuracy 18.2 %
Checkpoint saved securely at end of epoch 50