10 orthogonal bases, 5 flips per step per basis, after divide c_raw by n instead of n^2 fix
Using device: cuda
No checkpoint found, starting training from scratch.
Epoch [1/50]
Training loss 2.300561929766337
Training accuracy 11.346666666666666 %
Testing loss 2.300198721885681
Testing accuracy 11.75 %
Checkpoint saved securely at end of epoch 1
Epoch [2/50]
Training loss 2.3004749726613363
Training accuracy 11.661666666666667 %
Testing loss 2.3002655506134033
Testing accuracy 12.25 %
Checkpoint saved securely at end of epoch 2
Epoch [3/50]
Training loss 2.300306224123637
Training accuracy 12.441666666666666 %
Testing loss 2.3001630544662475
Testing accuracy 12.97 %
Checkpoint saved securely at end of epoch 3
Epoch [4/50]
Training loss 2.300344285583496
Training accuracy 13.091666666666667 %
Testing loss 2.300393843650818
Testing accuracy 13.58 %
Checkpoint saved securely at end of epoch 4
Epoch [5/50]
Training loss 2.3006718505859376
Training accuracy 13.25 %
Testing loss 2.3007970333099363
Testing accuracy 13.09 %
Checkpoint saved securely at end of epoch 5
Epoch [6/50]
Training loss 2.300913254674276
Training accuracy 13.005 %
Testing loss 2.3006618499755858
Testing accuracy 12.98 %
Checkpoint saved securely at end of epoch 6
Epoch [7/50]
Training loss 2.300756302833557
Training accuracy 12.41 %
Testing loss 2.3008389472961426
Testing accuracy 12.17 %
Checkpoint saved securely at end of epoch 7
Epoch [8/50]
Training loss 2.3009825658162435
Training accuracy 12.198333333333334 %
Testing loss 2.3009100198745727
Testing accuracy 12.23 %
Checkpoint saved securely at end of epoch 8
Epoch [9/50]
Training loss 2.300662685585022
Training accuracy 12.12 %
Testing loss 2.3006526708602903
Testing accuracy 11.81 %
Checkpoint saved securely at end of epoch 9
Epoch [10/50]
Training loss 2.300987345568339
Training accuracy 11.698333333333334 %
Testing loss 2.3011989831924438
Testing accuracy 11.64 %
Checkpoint saved securely at end of epoch 10
Epoch [11/50]
Training loss 2.30105905901591
Training accuracy 11.598333333333333 %
Testing loss 2.300890302658081
Testing accuracy 11.56 %
Checkpoint saved securely at end of epoch 11
Epoch [12/50]
Training loss 2.300882452011108
Training accuracy 11.64 %
Testing loss 2.3007689476013184
Testing accuracy 11.67 %
Checkpoint saved securely at end of epoch 12
Epoch [13/50]
Training loss 2.300916689300537
Training accuracy 11.658333333333333 %
Testing loss 2.300853204727173
Testing accuracy 11.68 %
Checkpoint saved securely at end of epoch 13
Epoch [14/50]
Training loss 2.3007318631490072
Training accuracy 11.623333333333333 %
Testing loss 2.3007843494415283
Testing accuracy 11.65 %
Checkpoint saved securely at end of epoch 14
Epoch [15/50]
Training loss 2.300851037534078
Training accuracy 11.653333333333334 %
Testing loss 2.3008889675140383
Testing accuracy 11.64 %
Checkpoint saved securely at end of epoch 15
Epoch [16/50]
Training loss 2.3010158775329588
Training accuracy 11.63 %
Testing loss 2.301110053062439
Testing accuracy 11.63 %
Checkpoint saved securely at end of epoch 16
Epoch [17/50]
Training loss 2.301053981145223
Training accuracy 11.67 %
Testing loss 2.300933265686035
Testing accuracy 11.83 %
Checkpoint saved securely at end of epoch 17
Epoch [18/50]
Training loss 2.300960793685913
Training accuracy 11.721666666666666 %
Testing loss 2.3010088920593263
Testing accuracy 11.93 %
Checkpoint saved securely at end of epoch 18
Epoch [19/50]
Training loss 2.3010255977630614
Training accuracy 11.915 %
Testing loss 2.3009904623031616
Testing accuracy 11.98 %
Checkpoint saved securely at end of epoch 19
Epoch [20/50]
Training loss 2.3011462697347005
Training accuracy 11.806666666666667 %
Testing loss 2.3010504961013796
Testing accuracy 11.77 %
Checkpoint saved securely at end of epoch 20
Epoch [21/50]
Training loss 2.300972609392802
Training accuracy 11.755 %
Testing loss 2.300932264328003
Testing accuracy 11.72 %
Checkpoint saved securely at end of epoch 21
Epoch [22/50]
Training loss 2.3010869040171307
Training accuracy 11.733333333333333 %
Testing loss 2.3009124994277954
Testing accuracy 11.79 %
Checkpoint saved securely at end of epoch 22
Epoch [23/50]
Training loss 2.3009044001897174
Training accuracy 11.678333333333333 %
Testing loss 2.3008087158203123
Testing accuracy 11.76 %
Checkpoint saved securely at end of epoch 23
Epoch [24/50]
Training loss 2.3008881175994875
Training accuracy 11.746666666666666 %
Testing loss 2.300748085975647
Testing accuracy 11.93 %
Checkpoint saved securely at end of epoch 24
Epoch [25/50]
Training loss 2.300968875058492
Training accuracy 11.671666666666667 %
Testing loss 2.3008492231369018
Testing accuracy 11.85 %
Checkpoint saved securely at end of epoch 25
Epoch [26/50]
Training loss 2.300921653175354
Training accuracy 11.791666666666666 %
Testing loss 2.301024341583252
Testing accuracy 11.66 %
Checkpoint saved securely at end of epoch 26
Epoch [27/50]
Training loss 2.3008861352920533
Training accuracy 11.748333333333333 %
Testing loss 2.3007593393325805
Testing accuracy 11.75 %
Checkpoint saved securely at end of epoch 27
Epoch [28/50]
Training loss 2.3007578694661457
Training accuracy 11.791666666666666 %
Testing loss 2.3007506370544433
Testing accuracy 11.75 %
Checkpoint saved securely at end of epoch 28
Epoch [29/50]
Training loss 2.300660618273417
Training accuracy 11.811666666666667 %
Testing loss 2.3004895448684692
Testing accuracy 12.0 %
Checkpoint saved securely at end of epoch 29
Epoch [30/50]
Training loss 2.300514018503825
Training accuracy 12.118333333333334 %
Testing loss 2.3005383253097533
Testing accuracy 12.08 %
Checkpoint saved securely at end of epoch 30
Epoch [31/50]
Training loss 2.3005732756932575
Training accuracy 11.86 %
Testing loss 2.3004579544067383
Testing accuracy 11.83 %
Checkpoint saved securely at end of epoch 31
Epoch [32/50]
Training loss 2.300610409164429
Training accuracy 11.776666666666667 %
Testing loss 2.3006819248199464
Testing accuracy 11.76 %
Checkpoint saved securely at end of epoch 32
Epoch [33/50]
Training loss 2.3007309122721353
Training accuracy 11.708333333333334 %
Testing loss 2.3008284091949465
Testing accuracy 11.81 %
Checkpoint saved securely at end of epoch 33
Epoch [34/50]
Training loss 2.30090370871226
Training accuracy 11.785 %
Testing loss 2.3010008335113525
Testing accuracy 11.72 %
Checkpoint saved securely at end of epoch 34
Epoch [35/50]
Training loss 2.30088569577535
Training accuracy 11.805 %
Testing loss 2.300885820388794
Testing accuracy 11.94 %
Checkpoint saved securely at end of epoch 35
Epoch [36/50]
Training loss 2.3008752305984497
Training accuracy 11.951666666666666 %
Testing loss 2.3008747577667235
Testing accuracy 11.91 %
Checkpoint saved securely at end of epoch 36
Epoch [37/50]
Training loss 2.300811654599508
Training accuracy 11.863333333333333 %
Testing loss 2.300833010673523
Testing accuracy 11.87 %
Checkpoint saved securely at end of epoch 37
Epoch [38/50]
Training loss 2.300823404947917
Training accuracy 11.896666666666667 %
Testing loss 2.300985503196716
Testing accuracy 11.9 %
Checkpoint saved securely at end of epoch 38
Epoch [39/50]
Training loss 2.300759530512492
Training accuracy 11.875 %
Testing loss 2.300735664367676
Testing accuracy 11.9 %
Checkpoint saved securely at end of epoch 39
Epoch [40/50]
Training loss 2.3007929255167645
Training accuracy 11.823333333333334 %
Testing loss 2.3010533094406127
Testing accuracy 11.71 %
Checkpoint saved securely at end of epoch 40
Epoch [41/50]
Training loss 2.3009240555445354
Training accuracy 11.753333333333334 %
Testing loss 2.3009684324264525
Testing accuracy 11.89 %
Checkpoint saved securely at end of epoch 41
Epoch [42/50]
Training loss 2.300956364504496
Training accuracy 11.798333333333334 %
Testing loss 2.3011332511901856
Testing accuracy 11.76 %
Checkpoint saved securely at end of epoch 42
Epoch [43/50]
Training loss 2.3008973272323607
Training accuracy 11.856666666666667 %
Testing loss 2.301003336906433
Testing accuracy 11.98 %
Checkpoint saved securely at end of epoch 43
Epoch [44/50]
Training loss 2.3009824714660643
Training accuracy 12.083333333333334 %
Testing loss 2.300962233543396
Testing accuracy 12.11 %
Checkpoint saved securely at end of epoch 44
Epoch [45/50]
Training loss 2.301011708386739
Training accuracy 12.063333333333333 %
Testing loss 2.301217031478882
Testing accuracy 11.83 %
Checkpoint saved securely at end of epoch 45
Epoch [46/50]
Training loss 2.301112798245748
Training accuracy 11.956666666666667 %
Testing loss 2.301246666908264
Testing accuracy 11.77 %
Checkpoint saved securely at end of epoch 46
Epoch [47/50]
Training loss 2.301291157023112
Training accuracy 11.966666666666667 %
Testing loss 2.3014256954193115
Testing accuracy 12.1 %
Checkpoint saved securely at end of epoch 47
Epoch [48/50]
Training loss 2.301358708000183
Training accuracy 11.976666666666667 %
Testing loss 2.3015368223190307
Testing accuracy 11.88 %
Checkpoint saved securely at end of epoch 48
Epoch [49/50]
Training loss 2.3011953614552816
Training accuracy 12.056666666666667 %
Testing loss 2.301154851913452
Testing accuracy 12.15 %
Checkpoint saved securely at end of epoch 49
Epoch [50/50]
Training loss 2.301144644991557
Training accuracy 12.163333333333334 %
Testing loss 2.301289701461792
Testing accuracy 12.28 %
Checkpoint saved securely at end of epoch 50