3 bases 5 bit flips with learnable basis param for each basis to calculate weighted sum
steady improvement in accuracy!!
Using device: cuda
No checkpoint found, starting training from scratch.
Epoch [1/100]
Training loss 2.306073267173767
Training accuracy 8.17 %
Testing loss 2.306089472770691
Testing accuracy 7.69 %
Checkpoint saved securely at end of epoch 1
Epoch [2/100]
Training loss 2.3052800240834554
Training accuracy 8.325 %
Testing loss 2.305415081977844
Testing accuracy 7.96 %
Checkpoint saved securely at end of epoch 2
Epoch [3/100]
Training loss 2.3052468097050984
Training accuracy 8.615 %
Testing loss 2.3052382469177246
Testing accuracy 8.86 %
Checkpoint saved securely at end of epoch 3
Epoch [4/100]
Training loss 2.305399513308207
Training accuracy 9.256666666666666 %
Testing loss 2.3059674739837646
Testing accuracy 8.45 %
Checkpoint saved securely at end of epoch 4
Epoch [5/100]
Training loss 2.30549395904541
Training accuracy 8.94 %
Testing loss 2.305224132537842
Testing accuracy 8.98 %
Checkpoint saved securely at end of epoch 5
Epoch [6/100]
Training loss 2.3051584959665936
Training accuracy 9.13 %
Testing loss 2.3050450563430784
Testing accuracy 9.01 %
Checkpoint saved securely at end of epoch 6
Epoch [7/100]
Training loss 2.3051769386291503
Training accuracy 9.348333333333333 %
Testing loss 2.3057727098464964
Testing accuracy 8.75 %
Checkpoint saved securely at end of epoch 7
Epoch [8/100]
Training loss 2.305667373784383
Training accuracy 9.291666666666666 %
Testing loss 2.306184673309326
Testing accuracy 9.12 %
Checkpoint saved securely at end of epoch 8
Epoch [9/100]
Training loss 2.3057692943572996
Training accuracy 9.706666666666667 %
Testing loss 2.305792546272278
Testing accuracy 9.36 %
Checkpoint saved securely at end of epoch 9
Epoch [10/100]
Training loss 2.3053155784606933
Training accuracy 9.518333333333333 %
Testing loss 2.3050621509552003
Testing accuracy 9.73 %
Checkpoint saved securely at end of epoch 10
Epoch [11/100]
Training loss 2.30505120938619
Training accuracy 9.813333333333333 %
Testing loss 2.3050209999084474
Testing accuracy 9.62 %
Checkpoint saved securely at end of epoch 11
Epoch [12/100]
Training loss 2.304645939127604
Training accuracy 9.026666666666667 %
Testing loss 2.3043328285217286
Testing accuracy 9.64 %
Checkpoint saved securely at end of epoch 12
Epoch [13/100]
Training loss 2.3039527720133464
Training accuracy 9.641666666666667 %
Testing loss 2.3037968635559083
Testing accuracy 9.39 %
Checkpoint saved securely at end of epoch 13
Epoch [14/100]
Training loss 2.3031367097218833
Training accuracy 9.255 %
Testing loss 2.302763319015503
Testing accuracy 8.99 %
Checkpoint saved securely at end of epoch 14
Epoch [15/100]
Training loss 2.3022379621505737
Training accuracy 9.206666666666667 %
Testing loss 2.3018414974212646
Testing accuracy 9.48 %
Checkpoint saved securely at end of epoch 15
Epoch [16/100]
Training loss 2.301700818506877
Training accuracy 9.988333333333333 %
Testing loss 2.301740550994873
Testing accuracy 9.74 %
Checkpoint saved securely at end of epoch 16
Epoch [17/100]
Training loss 2.301426319503784
Training accuracy 10.083333333333334 %
Testing loss 2.301192879676819
Testing accuracy 10.19 %
Checkpoint saved securely at end of epoch 17
Epoch [18/100]
Training loss 2.300812041918437
Training accuracy 10.158333333333333 %
Testing loss 2.300678277015686
Testing accuracy 10.22 %
Checkpoint saved securely at end of epoch 18
Epoch [19/100]
Training loss 2.300494162686666
Training accuracy 10.233333333333333 %
Testing loss 2.300471782684326
Testing accuracy 10.14 %
Checkpoint saved securely at end of epoch 19
Epoch [20/100]
Training loss 2.300260886446635
Training accuracy 10.313333333333333 %
Testing loss 2.300273036956787
Testing accuracy 10.67 %
Checkpoint saved securely at end of epoch 20
Epoch [21/100]
Training loss 2.300565992037455
Training accuracy 10.583333333333334 %
Testing loss 2.3008260488510133
Testing accuracy 10.5 %
Checkpoint saved securely at end of epoch 21
Epoch [22/100]
Training loss 2.300285478146871
Training accuracy 11.125 %
Testing loss 2.2998223066329957
Testing accuracy 11.02 %
Checkpoint saved securely at end of epoch 22
Epoch [23/100]
Training loss 2.29946907564799
Training accuracy 11.073333333333334 %
Testing loss 2.2995683670043947
Testing accuracy 10.44 %
Checkpoint saved securely at end of epoch 23
Epoch [24/100]
Training loss 2.299382163556417
Training accuracy 11.086666666666666 %
Testing loss 2.299104619026184
Testing accuracy 11.1 %
Checkpoint saved securely at end of epoch 24
Epoch [25/100]
Training loss 2.298649028078715
Training accuracy 11.348333333333333 %
Testing loss 2.2987235307693483
Testing accuracy 10.81 %
Checkpoint saved securely at end of epoch 25
Epoch [26/100]
Training loss 2.298513359006246
Training accuracy 11.878333333333334 %
Testing loss 2.298440623283386
Testing accuracy 11.68 %
Checkpoint saved securely at end of epoch 26
Epoch [27/100]
Training loss 2.2982340119043987
Training accuracy 11.59 %
Testing loss 2.2983487129211424
Testing accuracy 10.68 %
Checkpoint saved securely at end of epoch 27
Epoch [28/100]
Training loss 2.298237791442871
Training accuracy 11.133333333333333 %
Testing loss 2.2983902215957643
Testing accuracy 10.59 %
Checkpoint saved securely at end of epoch 28
Epoch [29/100]
Training loss 2.2978491233825684
Training accuracy 11.081666666666667 %
Testing loss 2.2976824760437013
Testing accuracy 10.72 %
Checkpoint saved securely at end of epoch 29
Epoch [30/100]
Training loss 2.2974136978785196
Training accuracy 11.281666666666666 %
Testing loss 2.297692823410034
Testing accuracy 10.73 %
Checkpoint saved securely at end of epoch 30
Epoch [31/100]
Training loss 2.2974080638249714
Training accuracy 11.188333333333333 %
Testing loss 2.297743058204651
Testing accuracy 10.54 %
Checkpoint saved securely at end of epoch 31
Epoch [32/100]
Training loss 2.2973800219217937
Training accuracy 11.595 %
Testing loss 2.297865700721741
Testing accuracy 10.63 %
Checkpoint saved securely at end of epoch 32
Epoch [33/100]
Training loss 2.2974437304178874
Training accuracy 11.521666666666667 %
Testing loss 2.2978262186050413
Testing accuracy 11.13 %
Checkpoint saved securely at end of epoch 33
Epoch [34/100]
Training loss 2.2975538150787354
Training accuracy 12.25 %
Testing loss 2.298074245452881
Testing accuracy 10.77 %
Checkpoint saved securely at end of epoch 34
Epoch [35/100]
Training loss 2.2976106566747028
Training accuracy 11.871666666666666 %
Testing loss 2.2981456995010374
Testing accuracy 11.3 %
Checkpoint saved securely at end of epoch 35
Epoch [36/100]
Training loss 2.2976781021753947
Training accuracy 11.868333333333334 %
Testing loss 2.297686004638672
Testing accuracy 11.72 %
Checkpoint saved securely at end of epoch 36
Epoch [37/100]
Training loss 2.2972838081359863
Training accuracy 12.38 %
Testing loss 2.297406554222107
Testing accuracy 12.34 %
Checkpoint saved securely at end of epoch 37
Epoch [38/100]
Training loss 2.2974812360127768
Training accuracy 12.753333333333334 %
Testing loss 2.2980282068252564
Testing accuracy 12.84 %
Checkpoint saved securely at end of epoch 38
Epoch [39/100]
Training loss 2.2971698287328084
Training accuracy 12.873333333333333 %
Testing loss 2.297291326522827
Testing accuracy 12.24 %
Checkpoint saved securely at end of epoch 39
Epoch [40/100]
Training loss 2.296649023373922
Training accuracy 13.011666666666667 %
Testing loss 2.297300672531128
Testing accuracy 12.85 %
Checkpoint saved securely at end of epoch 40
Epoch [41/100]
Training loss 2.296685716629028
Training accuracy 13.41 %
Testing loss 2.2972116231918336
Testing accuracy 12.52 %
Checkpoint saved securely at end of epoch 41
Epoch [42/100]
Training loss 2.2970455963134766
Training accuracy 12.566666666666666 %
Testing loss 2.2979521989822387
Testing accuracy 11.59 %
Checkpoint saved securely at end of epoch 42
Epoch [43/100]
Training loss 2.297131641896566
Training accuracy 12.495 %
Testing loss 2.2974990129470827
Testing accuracy 12.33 %
Checkpoint saved securely at end of epoch 43
Epoch [44/100]
Training loss 2.296992843691508
Training accuracy 12.84 %
Testing loss 2.2974324464797973
Testing accuracy 12.77 %
Checkpoint saved securely at end of epoch 44
Epoch [45/100]
Training loss 2.2966956742604574
Training accuracy 12.573333333333334 %
Testing loss 2.297219753265381
Testing accuracy 11.7 %
Checkpoint saved securely at end of epoch 45
Epoch [46/100]
Training loss 2.2962087727864584
Training accuracy 12.726666666666667 %
Testing loss 2.296342635154724
Testing accuracy 12.89 %
Checkpoint saved securely at end of epoch 46
Epoch [47/100]
Training loss 2.2959244700749717
Training accuracy 14.005 %
Testing loss 2.296407103538513
Testing accuracy 14.08 %
Checkpoint saved securely at end of epoch 47
Epoch [48/100]
Training loss 2.2956911879221598
Training accuracy 14.068333333333333 %
Testing loss 2.2963242530822754
Testing accuracy 13.0 %
Checkpoint saved securely at end of epoch 48
Epoch [49/100]
Training loss 2.2956677606582643
Training accuracy 13.916666666666666 %
Testing loss 2.296048903465271
Testing accuracy 13.95 %
Checkpoint saved securely at end of epoch 49
Epoch [50/100]
Training loss 2.2955984331130983
Training accuracy 14.351666666666667 %
Testing loss 2.2968697547912598
Testing accuracy 13.47 %
Checkpoint saved securely at end of epoch 50
Epoch [51/100]
Training loss 2.295796901257833
Training accuracy 14.92 %
Testing loss 2.2960011959075928
Testing accuracy 14.89 %
Checkpoint saved securely at end of epoch 51
Epoch [52/100]
Training loss 2.295112082799276
Training accuracy 14.79 %
Testing loss 2.295437049865723
Testing accuracy 14.0 %
Checkpoint saved securely at end of epoch 52
Epoch [53/100]
Training loss 2.2952265893300376
Training accuracy 14.683333333333334 %
Testing loss 2.2957304954528808
Testing accuracy 14.8 %
Checkpoint saved securely at end of epoch 53
Epoch [54/100]
Training loss 2.2945876349131265
Training accuracy 15.711666666666666 %
Testing loss 2.2956073760986326
Testing accuracy 14.77 %
Checkpoint saved securely at end of epoch 54
Epoch [55/100]
Training loss 2.294758916600545
Training accuracy 15.485 %
Testing loss 2.295370030403137
Testing accuracy 14.65 %
Checkpoint saved securely at end of epoch 55
Epoch [56/100]
Training loss 2.2945664380391437
Training accuracy 15.236666666666666 %
Testing loss 2.2949652910232543
Testing accuracy 14.74 %
Checkpoint saved securely at end of epoch 56
Epoch [57/100]
Training loss 2.2946969966888426
Training accuracy 14.806666666666667 %
Testing loss 2.29574236869812
Testing accuracy 14.14 %
Checkpoint saved securely at end of epoch 57
Epoch [58/100]
Training loss 2.2947653240203856
Training accuracy 14.64 %
Testing loss 2.295516300201416
Testing accuracy 13.63 %
Checkpoint saved securely at end of epoch 58
Epoch [59/100]
Training loss 2.2949017676671346
Training accuracy 14.443333333333333 %
Testing loss 2.2959192276000975
Testing accuracy 13.66 %
Checkpoint saved securely at end of epoch 59
Epoch [60/100]
Training loss 2.2948779499689738
Training accuracy 14.681666666666667 %
Testing loss 2.2957203865051268
Testing accuracy 14.17 %
Checkpoint saved securely at end of epoch 60
Epoch [61/100]
Training loss 2.294106452178955
Training accuracy 15.59 %
Testing loss 2.2940127849578857
Testing accuracy 14.85 %
Checkpoint saved securely at end of epoch 61
Epoch [62/100]
Training loss 2.2937407673517862
Training accuracy 15.03 %
Testing loss 2.2943684816360475
Testing accuracy 13.91 %
Checkpoint saved securely at end of epoch 62
Epoch [63/100]
Training loss 2.294043400192261
Training accuracy 14.341666666666667 %
Testing loss 2.2946293354034424
Testing accuracy 14.04 %
Checkpoint saved securely at end of epoch 63
Epoch [64/100]
Training loss 2.2936091269810994
Training accuracy 14.908333333333333 %
Testing loss 2.2940645933151247
Testing accuracy 14.69 %
Checkpoint saved securely at end of epoch 64
Epoch [65/100]
Training loss 2.2933830998738607
Training accuracy 14.776666666666667 %
Testing loss 2.2928913593292237
Testing accuracy 14.59 %
Checkpoint saved securely at end of epoch 65
Epoch [66/100]
Training loss 2.2926085359573363
Training accuracy 15.266666666666667 %
Testing loss 2.2935561180114745
Testing accuracy 15.18 %
Checkpoint saved securely at end of epoch 66
Epoch [67/100]
Training loss 2.2923755896250406
Training accuracy 15.826666666666666 %
Testing loss 2.292482924461365
Testing accuracy 15.27 %
Checkpoint saved securely at end of epoch 67
Epoch [68/100]
Training loss 2.2917663887023925
Training accuracy 16.10333333333333 %
Testing loss 2.2925745964050295
Testing accuracy 15.32 %
Checkpoint saved securely at end of epoch 68
Epoch [69/100]
Training loss 2.291786419359843
Training accuracy 16.111666666666668 %
Testing loss 2.292247176170349
Testing accuracy 15.83 %
Checkpoint saved securely at end of epoch 69
Epoch [70/100]
Training loss 2.2914327599843345
Training accuracy 16.128333333333334 %
Testing loss 2.292475938796997
Testing accuracy 15.42 %
Checkpoint saved securely at end of epoch 70
Epoch [71/100]
Training loss 2.291454231961568
Training accuracy 15.703333333333333 %
Testing loss 2.291945219039917
Testing accuracy 15.5 %
Checkpoint saved securely at end of epoch 71
Epoch [72/100]
Training loss 2.2912424944559735
Training accuracy 16.06833333333333 %
Testing loss 2.2917278528213503
Testing accuracy 14.98 %
Checkpoint saved securely at end of epoch 72
Epoch [73/100]
Training loss 2.291809733963013
Training accuracy 15.951666666666666 %
Testing loss 2.291477847099304
Testing accuracy 16.41 %
Checkpoint saved securely at end of epoch 73
Epoch [74/100]
Training loss 2.2903641428629555
Training accuracy 16.838333333333335 %
Testing loss 2.290734577178955
Testing accuracy 16.59 %
Checkpoint saved securely at end of epoch 74
Epoch [75/100]
Training loss 2.2904182654062906
Training accuracy 16.675 %
Testing loss 2.2906501293182373
Testing accuracy 15.94 %
Checkpoint saved securely at end of epoch 75
Epoch [76/100]
Training loss 2.2904031057357788
Training accuracy 16.658333333333335 %
Testing loss 2.2912114381790163
Testing accuracy 16.31 %
Checkpoint saved securely at end of epoch 76
Epoch [77/100]
Training loss 2.289603523763021
Training accuracy 17.035 %
Testing loss 2.2886110067367555
Testing accuracy 17.08 %
Checkpoint saved securely at end of epoch 77
Epoch [78/100]
Training loss 2.288620934867859
Training accuracy 17.24 %
Testing loss 2.2895076751708983
Testing accuracy 16.57 %
Checkpoint saved securely at end of epoch 78
Epoch [79/100]
Training loss 2.289698696517944
Training accuracy 16.761666666666667 %
Testing loss 2.2905072927474976
Testing accuracy 15.51 %
Checkpoint saved securely at end of epoch 79
Epoch [80/100]
Training loss 2.2902414591471354
Training accuracy 16.423333333333332 %
Testing loss 2.290656590461731
Testing accuracy 16.24 %
Checkpoint saved securely at end of epoch 80
Epoch [81/100]
Training loss 2.289557690111796
Training accuracy 16.555 %
Testing loss 2.290120339393616
Testing accuracy 16.01 %
Checkpoint saved securely at end of epoch 81
Epoch [82/100]
Training loss 2.2899510422388714
Training accuracy 16.836666666666666 %
Testing loss 2.2909659147262573
Testing accuracy 16.71 %
Checkpoint saved securely at end of epoch 82
Epoch [83/100]
Training loss 2.290175680732727
Training accuracy 17.17 %
Testing loss 2.290913200378418
Testing accuracy 16.43 %
Checkpoint saved securely at end of epoch 83
Epoch [84/100]
Training loss 2.2900153195063275
Training accuracy 16.535 %
Testing loss 2.2895611047744753
Testing accuracy 16.23 %
Checkpoint saved securely at end of epoch 84
Epoch [85/100]
Training loss 2.2891088155110677
Training accuracy 17.111666666666668 %
Testing loss 2.290019655227661
Testing accuracy 16.4 %
Checkpoint saved securely at end of epoch 85
Epoch [86/100]
Training loss 2.289420210266113
Training accuracy 17.183333333333334 %
Testing loss 2.2908440828323364
Testing accuracy 16.5 %
Checkpoint saved securely at end of epoch 86
Epoch [87/100]
Training loss 2.2895981892903645
Training accuracy 16.798333333333332 %
Testing loss 2.2895467042922975
Testing accuracy 16.16 %
Checkpoint saved securely at end of epoch 87
Epoch [88/100]
Training loss 2.289006173578898
Training accuracy 17.106666666666666 %
Testing loss 2.290255236625671
Testing accuracy 16.15 %
Checkpoint saved securely at end of epoch 88
Epoch [89/100]
Training loss 2.289293333244324
Training accuracy 16.658333333333335 %
Testing loss 2.2903106212615967
Testing accuracy 16.45 %
Checkpoint saved securely at end of epoch 89
Epoch [90/100]
Training loss 2.2898201335271198
Training accuracy 16.575 %
Testing loss 2.290641021728516
Testing accuracy 16.02 %
Checkpoint saved securely at end of epoch 90
Epoch [91/100]
Training loss 2.289377152442932
Training accuracy 16.333333333333332 %
Testing loss 2.290258550643921
Testing accuracy 15.17 %
Checkpoint saved securely at end of epoch 91
Epoch [92/100]
Training loss 2.289472409502665
Training accuracy 15.483333333333333 %
Testing loss 2.289561414718628
Testing accuracy 14.6 %
Checkpoint saved securely at end of epoch 92
Epoch [93/100]
Training loss 2.289363724199931
Training accuracy 15.446666666666667 %
Testing loss 2.2894706249237062
Testing accuracy 15.34 %
Checkpoint saved securely at end of epoch 93
Epoch [94/100]
Training loss 2.289192288271586
Training accuracy 15.795 %
Testing loss 2.289028835296631
Testing accuracy 15.73 %
Checkpoint saved securely at end of epoch 94
Epoch [95/100]
Training loss 2.2886866125742595
Training accuracy 16.076666666666668 %
Testing loss 2.2892810106277466
Testing accuracy 15.34 %
Checkpoint saved securely at end of epoch 95
Epoch [96/100]
Training loss 2.2892688533147174
Training accuracy 16.265 %
Testing loss 2.2892663955688475
Testing accuracy 16.71 %
Checkpoint saved securely at end of epoch 96
Epoch [97/100]
Training loss 2.288614698855082
Training accuracy 16.388333333333332 %
Testing loss 2.28989839553833
Testing accuracy 15.76 %
Checkpoint saved securely at end of epoch 97
Epoch [98/100]
Training loss 2.2877687116622925
Training accuracy 17.186666666666667 %
Testing loss 2.2887513399124146
Testing accuracy 16.4 %
Checkpoint saved securely at end of epoch 98
Epoch [99/100]
Training loss 2.2885783877690633
Training accuracy 16.965 %
Testing loss 2.2899707317352296
Testing accuracy 16.34 %
Checkpoint saved securely at end of epoch 99
Epoch [100/100]
Training loss 2.2893311862945556
Training accuracy 16.691666666666666 %
Testing loss 2.28947913646698
Testing accuracy 16.06 %
Checkpoint saved securely at end of epoch 100
